Performing C SOURCE FILE Test CMAKE_HAVE_LIBC_PTHREAD failed with the following output:
Change Dir: /home/hannah/hannah_ws/build/CMakeFiles/CMakeTmp

Run Build Command(s):/usr/bin/make cmTC_18a23/fast && /usr/bin/make -f CMakeFiles/cmTC_18a23.dir/build.make CMakeFiles/cmTC_18a23.dir/build
make[1]: Entering directory '/home/hannah/hannah_ws/build/CMakeFiles/CMakeTmp'
Building C object CMakeFiles/cmTC_18a23.dir/src.c.o
/usr/bin/cc   -DCMAKE_HAVE_LIBC_PTHREAD   -o CMakeFiles/cmTC_18a23.dir/src.c.o   -c /home/hannah/hannah_ws/build/CMakeFiles/CMakeTmp/src.c
Linking C executable cmTC_18a23
/usr/bin/cmake -E cmake_link_script CMakeFiles/cmTC_18a23.dir/link.txt --verbose=1
/usr/bin/cc  -DCMAKE_HAVE_LIBC_PTHREAD    -rdynamic CMakeFiles/cmTC_18a23.dir/src.c.o  -o cmTC_18a23 
/usr/bin/ld: CMakeFiles/cmTC_18a23.dir/src.c.o: in function `main':
src.c:(.text+0x46): undefined reference to `pthread_create'
/usr/bin/ld: src.c:(.text+0x52): undefined reference to `pthread_detach'
/usr/bin/ld: src.c:(.text+0x63): undefined reference to `pthread_join'
collect2: error: ld returned 1 exit status
make[1]: *** [CMakeFiles/cmTC_18a23.dir/build.make:87: cmTC_18a23] Error 1
make[1]: Leaving directory '/home/hannah/hannah_ws/build/CMakeFiles/CMakeTmp'
make: *** [Makefile:121: cmTC_18a23/fast] Error 2


Source file was:
#include <pthread.h>

void* test_func(void* data)
{
  return data;
}

int main(void)
{
  pthread_t thread;
  pthread_create(&thread, NULL, test_func, NULL);
  pthread_detach(thread);
  pthread_join(thread, NULL);
  pthread_atfork(NULL, NULL, NULL);
  pthread_exit(NULL);

  return 0;
}

Determining if the function pthread_create exists in the pthreads failed with the following output:
Change Dir: /home/hannah/hannah_ws/build/CMakeFiles/CMakeTmp

Run Build Command(s):/usr/bin/make cmTC_6228f/fast && /usr/bin/make -f CMakeFiles/cmTC_6228f.dir/build.make CMakeFiles/cmTC_6228f.dir/build
make[1]: Entering directory '/home/hannah/hannah_ws/build/CMakeFiles/CMakeTmp'
Building C object CMakeFiles/cmTC_6228f.dir/CheckFunctionExists.c.o
/usr/bin/cc   -DCHECK_FUNCTION_EXISTS=pthread_create   -o CMakeFiles/cmTC_6228f.dir/CheckFunctionExists.c.o   -c /usr/share/cmake-3.16/Modules/CheckFunctionExists.c
Linking C executable cmTC_6228f
/usr/bin/cmake -E cmake_link_script CMakeFiles/cmTC_6228f.dir/link.txt --verbose=1
/usr/bin/cc  -DCHECK_FUNCTION_EXISTS=pthread_create    -rdynamic CMakeFiles/cmTC_6228f.dir/CheckFunctionExists.c.o  -o cmTC_6228f  -lpthreads 
/usr/bin/ld: cannot find -lpthreads
collect2: error: ld returned 1 exit status
make[1]: *** [CMakeFiles/cmTC_6228f.dir/build.make:87: cmTC_6228f] Error 1
make[1]: Leaving directory '/home/hannah/hannah_ws/build/CMakeFiles/CMakeTmp'
make: *** [Makefile:121: cmTC_6228f/fast] Error 2



Determining if the function sgemm_ exists failed with the following output:
Change Dir: /home/hannah/hannah_ws/build/CMakeFiles/CMakeTmp

Run Build Command(s):/usr/bin/make cmTC_78dc2/fast && /usr/bin/make -f CMakeFiles/cmTC_78dc2.dir/build.make CMakeFiles/cmTC_78dc2.dir/build
make[1]: Entering directory '/home/hannah/hannah_ws/build/CMakeFiles/CMakeTmp'
Building C object CMakeFiles/cmTC_78dc2.dir/CheckFunctionExists.c.o
/usr/bin/cc   -DCHECK_FUNCTION_EXISTS=sgemm_   -o CMakeFiles/cmTC_78dc2.dir/CheckFunctionExists.c.o   -c /usr/share/cmake-3.16/Modules/CheckFunctionExists.c
Linking C executable cmTC_78dc2
/usr/bin/cmake -E cmake_link_script CMakeFiles/cmTC_78dc2.dir/link.txt --verbose=1
/usr/bin/cc  -DCHECK_FUNCTION_EXISTS=sgemm_    -rdynamic CMakeFiles/cmTC_78dc2.dir/CheckFunctionExists.c.o  -o cmTC_78dc2 
/usr/bin/ld: CMakeFiles/cmTC_78dc2.dir/CheckFunctionExists.c.o: in function `main':
CheckFunctionExists.c:(.text+0x14): undefined reference to `sgemm_'
collect2: error: ld returned 1 exit status
make[1]: *** [CMakeFiles/cmTC_78dc2.dir/build.make:87: cmTC_78dc2] Error 1
make[1]: Leaving directory '/home/hannah/hannah_ws/build/CMakeFiles/CMakeTmp'
make: *** [Makefile:121: cmTC_78dc2/fast] Error 2



Determining if the function cheev_ exists failed with the following output:
Change Dir: /home/hannah/hannah_ws/build/CMakeFiles/CMakeTmp

Run Build Command(s):/usr/bin/make cmTC_4ca95/fast && /usr/bin/make -f CMakeFiles/cmTC_4ca95.dir/build.make CMakeFiles/cmTC_4ca95.dir/build
make[1]: Entering directory '/home/hannah/hannah_ws/build/CMakeFiles/CMakeTmp'
Building C object CMakeFiles/cmTC_4ca95.dir/CheckFunctionExists.c.o
/usr/bin/cc   -DCHECK_FUNCTION_EXISTS=cheev_   -o CMakeFiles/cmTC_4ca95.dir/CheckFunctionExists.c.o   -c /usr/share/cmake-3.16/Modules/CheckFunctionExists.c
Linking C executable cmTC_4ca95
/usr/bin/cmake -E cmake_link_script CMakeFiles/cmTC_4ca95.dir/link.txt --verbose=1
/usr/bin/cc  -DCHECK_FUNCTION_EXISTS=cheev_    -rdynamic CMakeFiles/cmTC_4ca95.dir/CheckFunctionExists.c.o  -o cmTC_4ca95  /usr/lib/x86_64-linux-gnu/libf77blas.so /usr/lib/x86_64-linux-gnu/libatlas.so 
/usr/bin/ld: CMakeFiles/cmTC_4ca95.dir/CheckFunctionExists.c.o: in function `main':
CheckFunctionExists.c:(.text+0x14): undefined reference to `cheev_'
collect2: error: ld returned 1 exit status
make[1]: *** [CMakeFiles/cmTC_4ca95.dir/build.make:89: cmTC_4ca95] Error 1
make[1]: Leaving directory '/home/hannah/hannah_ws/build/CMakeFiles/CMakeTmp'
make: *** [Makefile:121: cmTC_4ca95/fast] Error 2



